This is e-pTeX, Version 3.14159265-p3.6-141210-2.6 (utf8.sjis) (TeX Live 2015/W32TeX) (preloaded format=platex 2016.1.23)  2 FEB 2016 06:07
entering extended mode
 restricted \write18 enabled.
 %&-line parsing enabled.
**./master.tex
(./master.tex
pLaTeX2e <2006/11/10> (based on LaTeX2e <2015/10/01> patch level 2)
Babel <3.9n> and hyphenation patterns for 79 languages loaded.
(c:/texlive/2015/texmf-dist/tex/platex/base/jarticle.cls
Document Class: jarticle 2006/06/27 v1.6 Standard pLaTeX class
\c@@paper=\count81
(c:/texlive/2015/texmf-dist/tex/platex/base/jsize12.clo
File: jsize12.clo 2006/06/27 v1.6 Standard pLaTeX file (size option)
)
\c@part=\count82
\c@section=\count83
\c@subsection=\count84
\c@subsubsection=\count85
\c@paragraph=\count86
\c@subparagraph=\count87
\c@figure=\count88
\c@table=\count89
\abovecaptionskip=\skip41
\belowcaptionskip=\skip42
\symmincho=\mathgroup4
LaTeX Font Info:    Overwriting symbol font `mincho' in version `bold'
(Font)                  JY1/mc/m/n --> JY1/gt/m/n on input line 601.
\toclineskip=\dimen118
\@lnumwidth=\dimen119
\bibindent=\dimen120
\heisei=\count90
)
(c:/texlive/2015/texmf-dist/tex/latex/graphics/graphicx.sty
Package: graphicx 2014/10/28 v1.0g Enhanced LaTeX Graphics (DPC,SPQR)

(c:/texlive/2015/texmf-dist/tex/latex/graphics/keyval.sty
Package: keyval 2014/10/28 v1.15 key=value parser (DPC)
\KV@toks@=\toks15
)
(c:/texlive/2015/texmf-dist/tex/latex/graphics/graphics.sty
Package: graphics 2014/10/28 v1.0p Standard LaTeX Graphics (DPC,SPQR)

(c:/texlive/2015/texmf-dist/tex/latex/graphics/trig.sty
Package: trig 1999/03/16 v1.09 sin cos tan (DPC)
)
(c:/texlive/2015/texmf-dist/tex/latex/latexconfig/graphics.cfg)
Package graphics Info: Driver file: dvipdfmx.def on input line 94.

(c:/texlive/2015/texmf-dist/tex/latex/dvipdfmx-def/dvipdfmx.def
File: dvipdfmx.def 2015/11/04 v4.07 LaTeX color/graphics driver for dvipdfmx (T
eX Live/ChoF)

(c:/texlive/2015/texmf-dist/tex/generic/oberdiek/infwarerr.sty
Package: infwarerr 2010/04/08 v1.3 Providing info/warning/error messages (HO)
)
(c:/texlive/2015/texmf-dist/tex/generic/oberdiek/ltxcmds.sty
Package: ltxcmds 2011/11/09 v1.22 LaTeX kernel commands for general use (HO)
)))
\Gin@req@height=\dimen121
\Gin@req@width=\dimen122
)
(c:/texlive/2015/texmf-dist/tex/latex/graphics/color.sty
Package: color 2014/10/28 v1.1a Standard LaTeX Color (DPC)

(c:/texlive/2015/texmf-dist/tex/latex/latexconfig/color.cfg)
Package color Info: Driver file: dviout.def on input line 142.
 (./dviout.def
File: dviout.def 2000/5/11 Driver file of `dviout' for LaTeX2e
)
(c:/texlive/2015/texmf-dist/tex/latex/graphics/dvipsnam.def
File: dvipsnam.def 2014/10/14 v3.0j Driver-dependent file (DPC,SPQR)
))
(c:/texlive/2015/texmf-dist/tex/latex/amsmath/amsmath.sty
Package: amsmath 2013/01/14 v2.14 AMS math features
\@mathmargin=\skip43

For additional information on amsmath, use the `?' option.
(c:/texlive/2015/texmf-dist/tex/latex/amsmath/amstext.sty
Package: amstext 2000/06/29 v2.01

(c:/texlive/2015/texmf-dist/tex/latex/amsmath/amsgen.sty
File: amsgen.sty 1999/11/30 v2.0
\@emptytoks=\toks16
\ex@=\dimen123
))
(c:/texlive/2015/texmf-dist/tex/latex/amsmath/amsbsy.sty
Package: amsbsy 1999/11/29 v1.2d
\pmbraise@=\dimen124
)
(c:/texlive/2015/texmf-dist/tex/latex/amsmath/amsopn.sty
Package: amsopn 1999/12/14 v2.01 operator names
)
\inf@bad=\count91
LaTeX Info: Redefining \frac on input line 210.
\uproot@=\count92
\leftroot@=\count93
LaTeX Info: Redefining \overline on input line 306.
\classnum@=\count94
\DOTSCASE@=\count95
LaTeX Info: Redefining \ldots on input line 378.
LaTeX Info: Redefining \dots on input line 381.
LaTeX Info: Redefining \cdots on input line 466.
\Mathstrutbox@=\box41
\strutbox@=\box42
\big@size=\dimen125
LaTeX Font Info:    Redeclaring font encoding OML on input line 566.
LaTeX Font Info:    Redeclaring font encoding OMS on input line 567.
\macc@depth=\count96
\c@MaxMatrixCols=\count97
\dotsspace@=\muskip10
\c@parentequation=\count98
\dspbrk@lvl=\count99
\tag@help=\toks17
\row@=\count100
\column@=\count101
\maxfields@=\count102
\andhelp@=\toks18
\eqnshift@=\dimen126
\alignsep@=\dimen127
\tagshift@=\dimen128
\tagwidth@=\dimen129
\totwidth@=\dimen130
\lineht@=\dimen131
\@envbody=\toks19
\multlinegap=\skip44
\multlinetaggap=\skip45
\mathdisplay@stack=\toks20
LaTeX Info: Redefining \[ on input line 2665.
LaTeX Info: Redefining \] on input line 2666.
)
(c:/texlive/2015/texmf-dist/tex/latex/amsfonts/amssymb.sty
Package: amssymb 2013/01/14 v3.01 AMS font symbols

(c:/texlive/2015/texmf-dist/tex/latex/amsfonts/amsfonts.sty
Package: amsfonts 2013/01/14 v3.01 Basic AMSFonts support
\symAMSa=\mathgroup5
\symAMSb=\mathgroup6
LaTeX Font Info:    Overwriting math alphabet `\mathfrak' in version `bold'
(Font)                  U/euf/m/n --> U/euf/b/n on input line 106.
))
(c:/texlive/2015/texmf-dist/tex/latex/tools/bm.sty
Package: bm 2014/10/28 v1.1c Bold Symbol Support (DPC/FMi)
\symboldoperators=\mathgroup7
\symboldletters=\mathgroup8
\symboldsymbols=\mathgroup9
\symboldmincho=\mathgroup10
LaTeX Font Info:    Redeclaring math alphabet \mathbf on input line 141.
LaTeX Info: Redefining \bm on input line 207.
)
(c:/texlive/2015/texmf-dist/tex/latex/wrapfig/wrapfig.sty
\wrapoverhang=\dimen132
\WF@size=\dimen133
\c@WF@wrappedlines=\count103
\WF@box=\box43
\WF@everypar=\toks21
Package: wrapfig 2003/01/31  v 3.6
)
(c:/texlive/2015/texmf-dist/tex/latex/url/url.sty
\Urlmuskip=\muskip11
Package: url 2013/09/16  ver 3.4  Verb mode for urls, etc.
)
(c:/texlive/2015/texmf-dist/tex/latex/tools/afterpage.sty
Package: afterpage 2014/10/28 v1.08 After-Page Package (DPC)
\AP@output=\toks22
\AP@partial=\box44
\AP@footins=\box45
)
(c:/texlive/2015/texmf-dist/tex/platex/base/ascmac.sty
(c:/texlive/2015/texmf-dist/tex/platex/base/tascmac.sty
\@savetbaselineshift=\dimen134
\@saveybaselineshift=\dimen135
\scb@x=\box46
\scscb@x=\box47
\@bw=\dimen136
\@nbox=\box48
\@nbody=\box49
\@scw=\dimen137
\@itemh=\dimen138
\@iboxpos=\toks23
\@iboxstr=\box50
\@bwsp=\box51
\@@bwsp=\box52
\@bcal=\count104
\shaderule=\dimen139
))
(c:/texlive/2015/texmf-dist/tex/latex/tools/array.sty
Package: array 2014/10/28 v2.4c Tabular extension package (FMi)
\col@sep=\dimen140
\extrarowheight=\dimen141
\NC@list=\toks24
\extratabsurround=\skip46
\backup@length=\skip47
) (./geometry.sty
Package: geometry 2010/09/12 v5.6 Page Geometry

(c:/texlive/2015/texmf-dist/tex/generic/oberdiek/ifpdf.sty
Package: ifpdf 2011/01/30 v2.3 Provides the ifpdf switch (HO)
Package ifpdf Info: pdfTeX in PDF mode is not detected.
)
(c:/texlive/2015/texmf-dist/tex/generic/oberdiek/ifvtex.sty
Package: ifvtex 2010/03/01 v1.5 Detect VTeX and its facilities (HO)
Package ifvtex Info: VTeX not detected.
)
(c:/texlive/2015/texmf-dist/tex/generic/ifxetex/ifxetex.sty
Package: ifxetex 2010/09/12 v0.6 Provides ifxetex conditional
)
\Gm@cnth=\count105
\Gm@cntv=\count106
\c@Gm@tempcnt=\count107
\Gm@bindingoffset=\dimen142
\Gm@wd@mp=\dimen143
\Gm@odd@mp=\dimen144
\Gm@even@mp=\dimen145
\Gm@layoutwidth=\dimen146
\Gm@layoutheight=\dimen147
\Gm@layouthoffset=\dimen148
\Gm@layoutvoffset=\dimen149
\Gm@dimlist=\toks25
) (./emathC.sty
Package: emathC 2005/09/03 v0.25

(c:/texlive/2015/texmf-dist/tex/latex/tools/calc.sty
Package: calc 2014/10/28 v4.3 Infix arithmetic (KKT,FJ)
\calc@Acount=\count108
\calc@Bcount=\count109
\calc@Adimen=\dimen150
\calc@Bdimen=\dimen151
\calc@Askip=\skip48
\calc@Bskip=\skip49
LaTeX Info: Redefining \setlength on input line 80.
LaTeX Info: Redefining \addtolength on input line 81.
\calc@Ccount=\count110
\calc@Cskip=\skip50
)
(c:/texlive/2015/texmf-dist/tex/latex/base/ifthen.sty
Package: ifthen 2014/09/29 v1.1c Standard LaTeX ifthen package (DPC)
)
\c@tempcnta=\count111
\templa=\dimen152
\emath@toks@=\toks26
\Sett@width=\dimen153
\EMcalc@A=\dimen154
) (./itembkbx.sty
Package: itembkbx 2005/10/02 v 0.16β

(./eclbkbox.sty
\bk@bxb=\box53
\bk@bxa=\box54
\bk@lcnt=\count112
) (./itembbox.sty
Package: itembbox 2004/08/10 v 0.19
\iboxpos@=\toks27
\sc@itemb@x=\box55
\sc@itemb@x@=\box56
\@itemw=\dimen155
\shaderule=\dimen156
\dblboxrule=\dimen157
\dblboxrulein=\dimen158
\dblboxsep=\dimen159
) (./jquote.sty
Package: jquote 2005/10/31 v0.01
)
\linesep=\dimen160
\itembkbx@dima=\dimen161
)
(c:/texlive/2015/texmf-dist/tex/latex/here/here.sty)
(c:/texlive/2015/texmf-dist/tex/latex/float/float.sty
Package: float 2001/11/08 v1.3d Float enhancements (AL)
\c@float@type=\count113
\float@exts=\toks28
\float@box=\box57
\@float@everytoks=\toks29
\@floatcapt=\box58
)
(c:/texlive/2015/texmf-dist/tex/latex/listings/listings.sty
\lst@mode=\count114
\lst@gtempboxa=\box59
\lst@token=\toks30
\lst@length=\count115
\lst@currlwidth=\dimen162
\lst@column=\count116
\lst@pos=\count117
\lst@lostspace=\dimen163
\lst@width=\dimen164
\lst@newlines=\count118
\lst@lineno=\count119
\lst@maxwidth=\dimen165

(c:/texlive/2015/texmf-dist/tex/latex/listings/lstmisc.sty
File: lstmisc.sty 2015/06/04 1.6 (Carsten Heinz)
\c@lstnumber=\count120
\lst@skipnumbers=\count121
\lst@framebox=\box60
)
(c:/texlive/2015/texmf-dist/tex/latex/listings/listings.cfg
File: listings.cfg 2015/06/04 1.6 listings configuration
))
Package: listings 2015/06/04 1.6 (Carsten Heinz)
 (./jlisting.sty
Package: jlisting 2006/02/20 0.2 (Thor)
\lst@nextchar=\count122
\lst@inputfile=\read1
)
(c:/texlive/2015/texmf-dist/tex/latex/comment/comment.sty
\CommentStream=\write3

Excluding comment 'comment')
(c:/texlive/2015/texmf-dist/tex/latex/listings/lstlang1.sty
File: lstlang1.sty 2015/06/04 1.6 listings language file
)
(c:/texlive/2015/texmf-dist/tex/latex/listings/lstmisc.sty
File: lstmisc.sty 2015/06/04 1.6 (Carsten Heinz)
) (./master.aux

LaTeX Warning: Label `fig:one' multiply defined.


LaTeX Warning: Label `fig:two' multiply defined.


LaTeX Warning: Label `fig:one' multiply defined.


LaTeX Warning: Label `fig:two' multiply defined.


LaTeX Warning: Label `fig:one' multiply defined.


LaTeX Warning: Label `fig:two' multiply defined.


LaTeX Warning: Label `fig:one' multiply defined.


LaTeX Warning: Label `fig:two' multiply defined.


LaTeX Warning: Label `fig:one' multiply defined.


LaTeX Warning: Label `fig:two' multiply defined.

)
\openout1 = `master.aux'.

LaTeX Font Info:    Checking defaults for OML/cmm/m/it on input line 60.
LaTeX Font Info:    ... okay on input line 60.
LaTeX Font Info:    Checking defaults for T1/cmr/m/n on input line 60.
LaTeX Font Info:    ... okay on input line 60.
LaTeX Font Info:    Checking defaults for OT1/cmr/m/n on input line 60.
LaTeX Font Info:    ... okay on input line 60.
LaTeX Font Info:    Checking defaults for OMS/cmsy/m/n on input line 60.
LaTeX Font Info:    ... okay on input line 60.
LaTeX Font Info:    Checking defaults for OMX/cmex/m/n on input line 60.
LaTeX Font Info:    ... okay on input line 60.
LaTeX Font Info:    Checking defaults for U/cmr/m/n on input line 60.
LaTeX Font Info:    ... okay on input line 60.
LaTeX Font Info:    Checking defaults for JY1/mc/m/n on input line 60.
LaTeX Font Info:    ... okay on input line 60.
LaTeX Font Info:    Checking defaults for JT1/mc/m/n on input line 60.
LaTeX Font Info:    ... okay on input line 60.

*geometry* driver: auto-detecting
*geometry* detected driver: dvips
*geometry* verbose mode - [ preamble ] result:
* driver: dvips
* paper: a4paper
* layout: <same size as paper>
* layoutoffset:(h,v)=(0.0pt,0.0pt)
* modes: 
* h-part:(L,W,R)=(88.2037pt, 421.10046pt, 88.2037pt)
* v-part:(T,H,B)=(71.13188pt, 702.78308pt, 71.13188pt)
* \paperwidth=597.50787pt
* \paperheight=845.04684pt
* \textwidth=421.10046pt
* \textheight=702.78308pt
* \oddsidemargin=15.93372pt
* \evensidemargin=15.93372pt
* \topmargin=-38.1381pt
* \headheight=12.0pt
* \headsep=25.0pt
* \topskip=9.33105pt
* \footskip=30.0pt
* \marginparwidth=83.0pt
* \marginparsep=10.0pt
* \columnsep=10.0pt
* \skip\footins=10.8pt plus 4.0pt minus 2.0pt
* \hoffset=0.0pt
* \voffset=0.0pt
* \mag=1000
* \@twocolumnfalse
* \@twosidefalse
* \@mparswitchfalse
* \@reversemarginfalse
* (1in=72.27pt=25.4mm, 1cm=28.453pt)

\c@lstlisting=\count123
LaTeX Font Info:    Try loading font information for U+msa on input line 62.
(c:/texlive/2015/texmf-dist/tex/latex/amsfonts/umsa.fd
File: umsa.fd 2013/01/14 v3.01 AMS symbols A
)
LaTeX Font Info:    Try loading font information for U+msb on input line 62.

(c:/texlive/2015/texmf-dist/tex/latex/amsfonts/umsb.fd
File: umsb.fd 2013/01/14 v3.01 AMS symbols B
) [1

]
LaTeX Font Info:    Font shape `JT1/mc/bx/n' in size <17.28> not available
(Font)              Font shape `JT1/gt/m/n' tried instead on input line 64.
LaTeX Font Info:    Font shape `JY1/mc/bx/n' in size <17.28> not available
(Font)              Font shape `JY1/gt/m/n' tried instead on input line 64.
 (./master.toc
LaTeX Font Info:    Font shape `JT1/mc/bx/n' in size <12> not available
(Font)              Font shape `JT1/gt/m/n' tried instead on input line 1.
LaTeX Font Info:    Font shape `JY1/mc/bx/n' in size <12> not available
(Font)              Font shape `JY1/gt/m/n' tried instead on input line 1.
)
\tf@toc=\write4
\openout4 = `master.toc'.


[1] (./section1.tex
LaTeX Font Info:    Font shape `JT1/mc/bx/n' in size <14.4> not available
(Font)              Font shape `JT1/gt/m/n' tried instead on input line 5.
LaTeX Font Info:    Font shape `JY1/mc/bx/n' in size <14.4> not available
(Font)              Font shape `JY1/gt/m/n' tried instead on input line 5.
) [2] (./section3.tex
File: wn_inside.eps Graphic file (type eps)
 <wn_inside.eps>
File: wn_outside.eps Graphic file (type eps)
 <wn_outside.eps>
[3]
File: iedecision_2d.eps Graphic file (type eps)
 <iedecision_2d.eps>) [4] [5] (./section4.tex
File: RazerDevice_image.eps Graphic file (type eps)
 <RazerDevice_image.eps>
File: RazerDevice_getInfo.eps Graphic file (type eps)

<RazerDevice_getInfo.eps> [6]
File: RazerDevice_real_color.eps Graphic file (type eps)
 <RazerDevice_real_color.eps> [7]
File: Simulator_image.eps Graphic file (type eps)

<Simulator_image.eps>
File: Simulator_getInfo.eps Graphic file (type eps)
 <Simulator_getInfo.eps> [8]
File: Simulator_real_color.eps Graphic file (type eps)
 <Simulator_real_color.eps>)
[9] (./section5.tex
File: Simulator_getPic.eps Graphic file (type eps)
 <Simulator_getPic.eps>
File: Simulator_hsv.eps Graphic file (type eps)
 <Simulator_hsv.eps>
Overfull \hbox (14.15767pt too wide) in paragraph at lines 21--35
[]$[]$ $[]$ 
 []

[10]
File: Simulator_grid.eps Graphic file (type eps)
 <Simulator_grid.eps>
File: Simulator_data.eps Graphic file (type eps)
 <Simulator_data.eps> [11]
File: Simulator_data_h.eps Graphic file (type eps)
 <Simulator_data_h.eps>
File: Simulator_data_v.eps Graphic file (type eps)

<Simulator_data_v.eps>
Overfull \hbox (14.15767pt too wide) in paragraph at lines 60--74
[]$[]$ $[]$ 
 []

File: Simulator_data_3d.eps Graphic file (type eps)
<Simulator_data_3d.eps> [12]
File: hidarimawari_vec.eps Graphic file (type eps)
 <hidarimawari_vec.eps> [13]
File: migimawari_vec.eps Graphic file (type eps)
 <migimawari_vec.eps>
File: sen_vec.eps Graphic file (type eps)

<sen_vec.eps> [14]
File: Cross_result.eps Graphic file (type eps)
 <Cross_result.eps> [15]
File: Cauchy_result.eps Graphic file (type eps)
 <Cauchy_result.eps>
File: Cross-Cauchy_result.eps Graphic file (type eps)

<Cross-Cauchy_result.eps> [16]) [17] (./section7.tex
File: 3d_obje_2.eps Graphic file (type eps)
 <3d_obje_2.eps>
File: 3d_obje_1.eps Graphic file (type eps)

<3d_obje_1.eps>
Overfull \hbox (14.15767pt too wide) in paragraph at lines 27--41
[]$[]$ $[]$ 
 []

File: IED3D_2.eps Graphic file (type eps)
<IED3D_2.eps>
File: IED3D_1.eps Graphic file (type eps)
 <IED3D_1.eps>
Overfull \hbox (14.15767pt too wide) in paragraph at lines 45--59
[]$[]$ $[]$ 
 []

[18]
File: 3D_obje_insert_1.eps Graphic file (type eps)
 <3D_obje_insert_1.eps>
File: 3D_obje_insert_2.eps Graphic file (type eps)
 <3D_obje_insert_2.eps>
Overfull \hbox (14.15767pt too wide) in paragraph at lines 63--77
[]$[]$ $[]$ 
 []

File: temae_1.eps Graphic file (type eps)
<temae_1.eps>
File: temae_2.eps Graphic file (type eps)
 <temae_2.eps>
Overfull \hbox (14.15767pt too wide) in paragraph at lines 81--95
[]$[]$ $[]$ 
 []

[19]) [20] (./section8.tex) [21] [22] (./bibliography.tex
Underfull \hbox (badness 10000) in paragraph at lines 9--11
[]\OT1/cmr/m/n/12 Inclusion of a Point in a Poly-gon - Ge-om-e-try Al-go-rithms
,
 []

) [23] (./master.aux)

LaTeX Warning: There were multiply-defined labels.

 ) 
Here is how much of TeX's memory you used:
 4780 strings out of 493742
 62102 string characters out of 6154161
 172159 words of memory out of 5000000
 8152 multiletter control sequences out of 15000+600000
 23893 words of font info for 93 fonts, out of 8000000 for 9000
 929 hyphenation exceptions out of 8191
 27i,7n,49p,1293b,271s stack positions out of 5000i,500n,10000p,200000b,80000s

Output written on master.dvi (24 pages, 58228 bytes).
